<?xml version="1.0" encoding="UTF-8"?>
<Site BuildName="Linux-c++"
	BuildStamp="20241204-0948-Experimental"
	Name="HIspeed-MaiBook-M"
	Generator="ctest-3.28.3"
	CompilerName="/usr/bin/c++"
	CompilerVersion="13.2.0"
	OSName="Linux"
	Hostname="HIspeed-MaiBook-M"
	OSRelease="6.8.0-49-generic"
	OSVersion="#49-Ubuntu SMP PREEMPT_DYNAMIC Mon Nov  4 02:06:24 UTC 2024"
	OSPlatform="x86_64"
	Is64Bits="1"
	VendorString="AuthenticAMD"
	VendorID="Advanced Micro Devices"
	FamilyID="23"
	ModelID="104"
	ProcessorCacheSize="512"
	NumberOfLogicalCPU="16"
	NumberOfPhysicalCPU="8"
	TotalVirtualMemory="4095"
	TotalPhysicalMemory="13855"
	LogicalProcessorsPerPhysical="2"
	ProcessorClockFrequency="3451.75"
	>
	<Testing>
		<StartDateTime>Dec 04 12:48 MSK</StartDateTime>
		<StartTestTime>1733305717</StartTestTime>
		<TestList/>
		<EndDateTime>Dec 04 12:48 MSK</EndDateTime>
		<EndTestTime>1733305717</EndTestTime>
		<ElapsedMinutes>0</ElapsedMinutes>
	</Testing>
</Site>
